17:23:26 **** Incremental Build of configuration Debug for project A13 ****
Info: Internal Builder is used for build
gcc -o A13.exe "src\\main.o" 
Info: Nothing to build for A13
17:25:40 **** Incremental Build of configuration Debug for project A13 ****
Info: Internal Builder is used for build
gcc -O0 -g3 -Wall -c -fmessage-length=0 -o "src\\main.o" "..\\src\\main.c" 
gcc -o A13.exe "src\\main.o" 
Info: Nothing to build for A17
Info: Nothing to build for A13
Info: Nothing to build for A13
17:26:36 **** Incremental Build of configuration Debug for project A13 ****
Info: Internal Builder is used for build
gcc -O0 -g3 -Wall -c -fmessage-length=0 -o "src\\main.o" "..\\src\\main.c" 
gcc -o A13.exe "src\\main.o" 
Info: Nothing to build for A17
Info: Nothing to build for A13
Info: Nothing to build for A13
17:31:09 **** Incremental Build of configuration Debug for project A13 ****
Info: Internal Builder is used for build
gcc -O0 -g3 -Wall -c -fmessage-length=0 -o "src\\main.o" "..\\src\\main.c" 
gcc -o A13.exe "src\\main.o" 
C:/MinGW/bin/../lib/gcc/x86_64-w64-mingw32/14.1.0/../../../../x86_64-w64-mingw32/bin/ld.exe: cannot open output file A13.exe: Permission denied
collect2.exe: error: ld returned 1 exit status
Info: Nothing to build for A17
17:31:29 **** Incremental Build of configuration Debug for project A13 ****
Info: Internal Builder is used for build
gcc -o A13.exe "src\\main.o" 
Info: Nothing to build for A13
Info: Nothing to build for A13
Info: Nothing to build for A13
17:40:16 **** Incremental Build of configuration Debug for project A13 ****
Info: Internal Builder is used for build
gcc -O0 -g3 -Wall -c -fmessage-length=0 -o "src\\main.o" "..\\src\\main.c" 
gcc -o A13.exe "src\\main.o" 
Info: Nothing to build for A17
Info: Nothing to build for A13
17:43:03 **** Incremental Build of configuration Debug for project A13 ****
Info: Internal Builder is used for build
gcc -O0 -g3 -Wall -c -fmessage-length=0 -o "src\\main.o" "..\\src\\main.c" 
gcc -o A13.exe "src\\main.o" 
Info: Nothing to build for A17
Info: Nothing to build for A13
